<?xml version="1.0" encoding="UTF-8"?>
<!-- Generated by org.testng.reporters.JUnitReportReporter -->
<testsuite hostname="AnkitYadav" failures="0" tests="1" name="com.awt.test.Login.LoginPageTest" time="142.062" errors="0" timestamp="2024-08-16T17:08:27 IST" skipped="0">
  <testcase classname="com.awt.test.Login.LoginPageTest" name="verifyLoginPage" time="142.062"/>
  <system-out/>
</testsuite> <!-- com.awt.test.Login.LoginPageTest -->
