<?xml version="1.0" encoding="UTF-8"?>
<!-- Generated by org.testng.reporters.JUnitReportReporter -->
<testsuite hostname="AnkitYadav" failures="0" tests="1" name="com.awt.test.Irrigation.Admin.Settings.MasterCreation.AdminMasterCreationTest" time="69.304" errors="0" timestamp="2025-02-13T11:58:12 IST" skipped="0">
  <testcase classname="com.awt.test.Irrigation.Admin.Settings.MasterCreation.AdminMasterCreationTest" name="verifyAdminMasterCreation" time="69.304"/>
  <system-out/>
</testsuite> <!-- com.awt.test.Irrigation.Admin.Settings.MasterCreation.AdminMasterCreationTest -->
