<?xml version="1.0" encoding="UTF-8"?>
<!-- Generated by org.testng.reporters.JUnitReportReporter -->
<testsuite hostname="AnkitYadav" failures="1" tests="1" name="com.awt.test.User.AdminConfiguration.Settings.MasterCreation.AdminMasterCreationTest" time="51.435" errors="0" timestamp="2024-08-27T14:48:13 IST" skipped="0">
  <testcase classname="com.awt.test.User.AdminConfiguration.Settings.MasterCreation.AdminMasterCreationTest" name="verifyAdminMasterCreation" time="51.435">
    <failure message="The following asserts failed:
	did not expect [DWaaD -&amp;&amp;] but found [DWaaD -&amp;&amp;],
	did not expect [XEI9oLwVH6hf66BjGhOYqYM5ug3i77Pz17d] but found [XEI9oLwVH6hf66BjGhOYqYM5ug3i77Pz17d],
	did not expect [47rKzkTatrfk2f5vRxTInZveDAzY7ewwngwcIcsvD4npH1IXEib5X5BJOPeaGwpHecbq3C7OS2YLWlhOal8aiyItF0keoQ9Y5xquOdo9L] but found [47rKzkTatrfk2f5vRxTInZveDAzY7ewwngwcIcsvD4npH1IXEib5X5BJOPeaGwpHecbq3C7OS2YLWlhOal8aiyItF0keoQ9Y5xquOdo9L]" type="java.lang.AssertionError">
      <![CDATA[java.lang.AssertionError: The following asserts failed:
did not expect [DWaaD -&&] but found [DWaaD -&&],
did not expect [XEI9oLwVH6hf66BjGhOYqYM5ug3i77Pz17d] but found [XEI9oLwVH6hf66BjGhOYqYM5ug3i77Pz17d],
did not expect [47rKzkTatrfk2f5vRxTInZveDAzY7ewwngwcIcsvD4npH1IXEib5X5BJOPeaGwpHecbq3C7OS2YLWlhOal8aiyItF0keoQ9Y5xquOdo9L] but found [47rKzkTatrfk2f5vRxTInZveDAzY7ewwngwcIcsvD4npH1IXEib5X5BJOPeaGwpHecbq3C7OS2YLWlhOal8aiyItF0keoQ9Y5xquOdo9L]
at org.testng.asserts.SoftAssert.assertAll(SoftAssert.java:47)
at org.testng.asserts.SoftAssert.assertAll(SoftAssert.java:31)
at com.awt.utills.reusablecomponents.SoftAssertTest.assertAll(SoftAssertTest.java:212)
at com.awt.test.User.AdminConfiguration.Settings.MasterCreation.AdminMasterCreationTest.verifyAdminMasterCreation(AdminMasterCreationTest.java:102)
at java.base/jdk.internal.reflect.NativeMethodAccessorImpl.invoke0(Native Method)
at java.base/jdk.internal.reflect.NativeMethodAccessorImpl.invoke(NativeMethodAccessorImpl.java:77)
at java.base/jdk.internal.reflect.DelegatingMethodAccessorImpl.invoke(DelegatingMethodAccessorImpl.java:43)
at java.base/java.lang.reflect.Method.invoke(Method.java:568)
at org.testng.internal.MethodInvocationHelper.invokeMethod(MethodInvocationHelper.java:133)
at org.testng.internal.TestInvoker.invokeMethod(TestInvoker.java:598)
at org.testng.internal.TestInvoker.invokeTestMethod(TestInvoker.java:173)
at org.testng.internal.MethodRunner.runInSequence(MethodRunner.java:46)
at org.testng.internal.TestInvoker$MethodInvocationAgent.invoke(TestInvoker.java:824)
at org.testng.internal.TestInvoker.invokeTestMethods(TestInvoker.java:146)
at org.testng.internal.TestMethodWorker.invokeTestMethods(TestMethodWorker.java:146)
at org.testng.internal.TestMethodWorker.run(TestMethodWorker.java:128)
at java.base/java.util.concurrent.ThreadPoolExecutor.runWorker(ThreadPoolExecutor.java:1136)
at java.base/java.util.concurrent.ThreadPoolExecutor$Worker.run(ThreadPoolExecutor.java:635)
at java.base/java.lang.Thread.run(Thread.java:842)
]]>
    </failure>
  </testcase> <!-- verifyAdminMasterCreation -->
  <system-out/>
</testsuite> <!-- com.awt.test.User.AdminConfiguration.Settings.MasterCreation.AdminMasterCreationTest -->
