<?xml version="1.0" encoding="UTF-8"?>
<!-- Generated by org.testng.reporters.JUnitReportReporter -->
<testsuite hostname="AnkitYadav" failures="0" tests="1" name="com.awt.test.Irrigation.Admin.Settings.PagePermission.AdminMenuPermissionTest" time="252.965" errors="0" timestamp="2025-02-11T17:42:39 IST" skipped="0">
  <testcase classname="com.awt.test.Irrigation.Admin.Settings.PagePermission.AdminMenuPermissionTest" name="verifyAdminMenuPermission" time="252.965"/>
  <system-out/>
</testsuite> <!-- com.awt.test.Irrigation.Admin.Settings.PagePermission.AdminMenuPermissionTest -->
