<?xml version="1.0" encoding="UTF-8"?>
<!-- Generated by org.testng.reporters.JUnitReportReporter -->
<testsuite hostname="AnkitYadav" failures="0" tests="1" name="com.awt.test.Irrigation.Login.LoginPageTest" time="252.802" errors="1" timestamp="2025-02-06T18:18:16 IST" skipped="0">
  <testcase classname="com.awt.test.Irrigation.Login.LoginPageTest" name="verifyLoginPage" time="252.802">
    <error message="Cannot invoke &quot;String.trim()&quot; because the return value of &quot;com.awt.utills.reusablecomponents.ActionEngine.getText(org.openqa.selenium.WebElement)&quot; is null" type="java.lang.NullPointerException">
      <![CDATA[java.lang.NullPointerException: Cannot invoke "String.trim()" because the return value of "com.awt.utills.reusablecomponents.ActionEngine.getText(org.openqa.selenium.WebElement)" is null
at com.awt.page.Irrigation.Login.ForgotPasswordPanel.getInvalidEmailErrorMessage(ForgotPasswordPanel.java:135)
at com.awt.test.Irrigation.Login.LoginPageTest.verifyForgotPasswordPanel(LoginPageTest.java:264)
at com.awt.test.Irrigation.Login.LoginPageTest.verifyLoginPage(LoginPageTest.java:200)
at java.base/jdk.internal.reflect.NativeMethodAccessorImpl.invoke0(Native Method)
at java.base/jdk.internal.reflect.NativeMethodAccessorImpl.invoke(NativeMethodAccessorImpl.java:77)
at java.base/jdk.internal.reflect.DelegatingMethodAccessorImpl.invoke(DelegatingMethodAccessorImpl.java:43)
at java.base/java.lang.reflect.Method.invoke(Method.java:568)
at org.testng.internal.MethodInvocationHelper.invokeMethod(MethodInvocationHelper.java:133)
at org.testng.internal.TestInvoker.invokeMethod(TestInvoker.java:598)
at org.testng.internal.TestInvoker.invokeTestMethod(TestInvoker.java:173)
at org.testng.internal.MethodRunner.runInSequence(MethodRunner.java:46)
at org.testng.internal.TestInvoker$MethodInvocationAgent.invoke(TestInvoker.java:824)
at org.testng.internal.TestInvoker.invokeTestMethods(TestInvoker.java:146)
at org.testng.internal.TestMethodWorker.invokeTestMethods(TestMethodWorker.java:146)
at org.testng.internal.TestMethodWorker.run(TestMethodWorker.java:128)
at java.base/java.util.concurrent.ThreadPoolExecutor.runWorker(ThreadPoolExecutor.java:1136)
at java.base/java.util.concurrent.ThreadPoolExecutor$Worker.run(ThreadPoolExecutor.java:635)
at java.base/java.lang.Thread.run(Thread.java:842)
]]>
    </error>
  </testcase> <!-- verifyLoginPage -->
  <system-out/>
</testsuite> <!-- com.awt.test.Irrigation.Login.LoginPageTest -->
