<?xml version="1.0" encoding="UTF-8"?>
<!-- Generated by org.testng.reporters.JUnitReportReporter -->
<testsuite hostname="AnkitYadav" failures="0" tests="1" name="com.awt.test.Irrigation.Admin.User.CreateUser.AdminAddUserTest" time="219.739" errors="0" timestamp="2025-02-07T16:49:56 IST" skipped="0">
  <testcase classname="com.awt.test.Irrigation.Admin.User.CreateUser.AdminAddUserTest" name="verifyAdminAddUserPage" time="219.739"/>
  <system-out/>
</testsuite> <!-- com.awt.test.Irrigation.Admin.User.CreateUser.AdminAddUserTest -->
