<?xml version="1.0" encoding="UTF-8"?>
<!-- Generated by org.testng.reporters.JUnitReportReporter -->
<testsuite hostname="AnkitYadav" failures="1" tests="1" name="com.awt.test.User.AdminConfiguration.Settings.MasterCreation.AdminMasterCreationTest" time="240.861" errors="0" timestamp="2024-08-30T16:41:33 IST" skipped="0">
  <testcase classname="com.awt.test.User.AdminConfiguration.Settings.MasterCreation.AdminMasterCreationTest" name="verifyAdminMasterCreation" time="240.861">
    <failure message="The following asserts failed:
	did not expect [njaQR -&amp;&amp;] but found [njaQR -&amp;&amp;],
	did not expect [QDiyQ8MZunfVWQXagwwJh7rH3G78gjoWJWP] but found [QDiyQ8MZunfVWQXagwwJh7rH3G78gjoWJWP],
	did not expect [xFmXiVJR35elVxaSWFlI2FtB0q8jz4bKq7iCWXdJhj2XSUpno40AHxMEHpNozsQ3XFDzBzhAhVdu9VEolc39dYGrBNzAVjNoK9UrSdsiQ] but found [xFmXiVJR35elVxaSWFlI2FtB0q8jz4bKq7iCWXdJhj2XSUpno40AHxMEHpNozsQ3XFDzBzhAhVdu9VEolc39dYGrBNzAVjNoK9UrSdsiQ],
	did not expect [TjYIGBlZEwuUUjYDzsRkpHsBnmxCJRsafIa] but found [TjYIGBlZEwuUUjYDzsRkpHsBnmxCJRsafIa],
	did not expect [nwmq6 -&amp;&amp;] but found [nwmq6 -&amp;&amp;],
	did not expect [rLKRaoIr8XwQ0zzd4R2B8ldKTvE9Z4WBers] but found [rLKRaoIr8XwQ0zzd4R2B8ldKTvE9Z4WBers],
	did not expect [Ym77LP8QDvhNmfbmcJE54GZ86VF44Q0Dk1CSvBCCm6d1JmEZIDoLvgA4S5VqSAw3UxyrkIUIcohEoM1y5DsMtHHvRIEsH7A57JIcqlEaE] but found [Ym77LP8QDvhNmfbmcJE54GZ86VF44Q0Dk1CSvBCCm6d1JmEZIDoLvgA4S5VqSAw3UxyrkIUIcohEoM1y5DsMtHHvRIEsH7A57JIcqlEaE],
	did not expect [myIpvsKVIndMEPVZlleExGwHJRrpfifekWb] but found [myIpvsKVIndMEPVZlleExGwHJRrpfifekWb],
	Lists differ at element [2]: Enter Device Property != Master Name expected [Enter Device Property] but found [Master Name],
	To verify that user can select the External Parent drop-down only after selection of the Select Mode drop down. expected [true] but found [false],
	did not expect [0QEvZ -&amp;&amp;] but found [0QEvZ -&amp;&amp;],
	did not expect [hMI80YWP7hrjzmaEQtHRQQw3l2D0QHCzimv] but found [hMI80YWP7hrjzmaEQtHRQQw3l2D0QHCzimv],
	did not expect [Az7AtdbCafgtd92eU3oBKLL6i5RTyLRruNXzLgXsOqCAUocz5VpqEgJQ7RxX66rpVkUI8C2MNk7W7im3RQi6rZcNDOfNQNSWoEAbE6WBx] but found [Az7AtdbCafgtd92eU3oBKLL6i5RTyLRruNXzLgXsOqCAUocz5VpqEgJQ7RxX66rpVkUI8C2MNk7W7im3RQi6rZcNDOfNQNSWoEAbE6WBx],
	did not expect [opBjIqSyiRaYckNLjIuQrWBZFTxqjzrlsbg] but found [opBjIqSyiRaYckNLjIuQrWBZFTxqjzrlsbg],
	To verify that After selecting the External radio button, Created mode should be visible under the Select Mode drop down in the Master Creation panel expected [true] but found [false]" type="java.lang.AssertionError">
      <![CDATA[java.lang.AssertionError: The following asserts failed:
did not expect [njaQR -&&] but found [njaQR -&&],
did not expect [QDiyQ8MZunfVWQXagwwJh7rH3G78gjoWJWP] but found [QDiyQ8MZunfVWQXagwwJh7rH3G78gjoWJWP],
did not expect [xFmXiVJR35elVxaSWFlI2FtB0q8jz4bKq7iCWXdJhj2XSUpno40AHxMEHpNozsQ3XFDzBzhAhVdu9VEolc39dYGrBNzAVjNoK9UrSdsiQ] but found [xFmXiVJR35elVxaSWFlI2FtB0q8jz4bKq7iCWXdJhj2XSUpno40AHxMEHpNozsQ3XFDzBzhAhVdu9VEolc39dYGrBNzAVjNoK9UrSdsiQ],
did not expect [TjYIGBlZEwuUUjYDzsRkpHsBnmxCJRsafIa] but found [TjYIGBlZEwuUUjYDzsRkpHsBnmxCJRsafIa],
did not expect [nwmq6 -&&] but found [nwmq6 -&&],
did not expect [rLKRaoIr8XwQ0zzd4R2B8ldKTvE9Z4WBers] but found [rLKRaoIr8XwQ0zzd4R2B8ldKTvE9Z4WBers],
did not expect [Ym77LP8QDvhNmfbmcJE54GZ86VF44Q0Dk1CSvBCCm6d1JmEZIDoLvgA4S5VqSAw3UxyrkIUIcohEoM1y5DsMtHHvRIEsH7A57JIcqlEaE] but found [Ym77LP8QDvhNmfbmcJE54GZ86VF44Q0Dk1CSvBCCm6d1JmEZIDoLvgA4S5VqSAw3UxyrkIUIcohEoM1y5DsMtHHvRIEsH7A57JIcqlEaE],
did not expect [myIpvsKVIndMEPVZlleExGwHJRrpfifekWb] but found [myIpvsKVIndMEPVZlleExGwHJRrpfifekWb],
Lists differ at element [2]: Enter Device Property != Master Name expected [Enter Device Property] but found [Master Name],
To verify that user can select the External Parent drop-down only after selection of the Select Mode drop down. expected [true] but found [false],
did not expect [0QEvZ -&&] but found [0QEvZ -&&],
did not expect [hMI80YWP7hrjzmaEQtHRQQw3l2D0QHCzimv] but found [hMI80YWP7hrjzmaEQtHRQQw3l2D0QHCzimv],
did not expect [Az7AtdbCafgtd92eU3oBKLL6i5RTyLRruNXzLgXsOqCAUocz5VpqEgJQ7RxX66rpVkUI8C2MNk7W7im3RQi6rZcNDOfNQNSWoEAbE6WBx] but found [Az7AtdbCafgtd92eU3oBKLL6i5RTyLRruNXzLgXsOqCAUocz5VpqEgJQ7RxX66rpVkUI8C2MNk7W7im3RQi6rZcNDOfNQNSWoEAbE6WBx],
did not expect [opBjIqSyiRaYckNLjIuQrWBZFTxqjzrlsbg] but found [opBjIqSyiRaYckNLjIuQrWBZFTxqjzrlsbg],
To verify that After selecting the External radio button, Created mode should be visible under the Select Mode drop down in the Master Creation panel expected [true] but found [false]
at org.testng.asserts.SoftAssert.assertAll(SoftAssert.java:47)
at org.testng.asserts.SoftAssert.assertAll(SoftAssert.java:31)
at com.awt.utills.reusablecomponents.SoftAssertTest.assertAll(SoftAssertTest.java:212)
at com.awt.test.User.AdminConfiguration.Settings.MasterCreation.AdminMasterCreationTest.verifyAdminMasterCreation(AdminMasterCreationTest.java:116)
at java.base/jdk.internal.reflect.NativeMethodAccessorImpl.invoke0(Native Method)
at java.base/jdk.internal.reflect.NativeMethodAccessorImpl.invoke(NativeMethodAccessorImpl.java:77)
at java.base/jdk.internal.reflect.DelegatingMethodAccessorImpl.invoke(DelegatingMethodAccessorImpl.java:43)
at java.base/java.lang.reflect.Method.invoke(Method.java:568)
at org.testng.internal.MethodInvocationHelper.invokeMethod(MethodInvocationHelper.java:133)
at org.testng.internal.TestInvoker.invokeMethod(TestInvoker.java:598)
at org.testng.internal.TestInvoker.invokeTestMethod(TestInvoker.java:173)
at org.testng.internal.MethodRunner.runInSequence(MethodRunner.java:46)
at org.testng.internal.TestInvoker$MethodInvocationAgent.invoke(TestInvoker.java:824)
at org.testng.internal.TestInvoker.invokeTestMethods(TestInvoker.java:146)
at org.testng.internal.TestMethodWorker.invokeTestMethods(TestMethodWorker.java:146)
at org.testng.internal.TestMethodWorker.run(TestMethodWorker.java:128)
at java.base/java.util.concurrent.ThreadPoolExecutor.runWorker(ThreadPoolExecutor.java:1136)
at java.base/java.util.concurrent.ThreadPoolExecutor$Worker.run(ThreadPoolExecutor.java:635)
at java.base/java.lang.Thread.run(Thread.java:842)
]]>
    </failure>
  </testcase> <!-- verifyAdminMasterCreation -->
  <system-out/>
</testsuite> <!-- com.awt.test.User.AdminConfiguration.Settings.MasterCreation.AdminMasterCreationTest -->
