<?xml version="1.0" encoding="UTF-8"?>
<!-- Generated by org.testng.reporters.JUnitReportReporter -->
<testsuite hostname="AnkitYadav" failures="0" tests="1" name="com.awt.test.User.AdminConfiguration.Settings.PagePermission.AdminMenuPermissionTest" time="83.064" errors="0" timestamp="2024-09-10T15:45:31 IST" skipped="0">
  <testcase classname="com.awt.test.User.AdminConfiguration.Settings.PagePermission.AdminMenuPermissionTest" name="verifyAdminMenuPermission" time="83.064"/>
  <system-out/>
</testsuite> <!-- com.awt.test.User.AdminConfiguration.Settings.PagePermission.AdminMenuPermissionTest -->
