<?xml version="1.0" encoding="UTF-8"?>
<!-- Generated by org.testng.reporters.JUnitReportReporter -->
<testsuite hostname="AnkitYadav" failures="0" tests="2" name="com.awt.test.Irrigation.Admin.User.CreateUser.AdminAddUserTest" time="0.005" errors="1" timestamp="2025-02-10T11:37:09 IST" skipped="1">
  <testcase classname="com.awt.test.Irrigation.Admin.User.CreateUser.AdminAddUserTest" name="verifyAdminAddUserPage" time="0.000">
    <skipped/>
  </testcase> <!-- verifyAdminAddUserPage -->
  <system-out/>
  <testcase classname="com.awt.test.Irrigation.Admin.User.CreateUser.AdminAddUserTest" name="launchBrowser" time="0.005">
    <error message="Unresolved compilation problem: 
	The type java.util.Comparator cannot be resolved. It is indirectly referenced from required type java.util.ArrayList
" type="java.lang.Error">
      <![CDATA[java.lang.Error: Unresolved compilation problem: 
The type java.util.Comparator cannot be resolved. It is indirectly referenced from required type java.util.ArrayList

at com.awt.testbase.BrowserFactory.<init>(BrowserFactory.java:1)
at com.awt.testbase.BaseTest.launchBrowser(BaseTest.java:26)
at java.base/jdk.internal.reflect.NativeMethodAccessorImpl.invoke0(Native Method)
at java.base/jdk.internal.reflect.NativeMethodAccessorImpl.invoke(NativeMethodAccessorImpl.java:77)
at java.base/jdk.internal.reflect.DelegatingMethodAccessorImpl.invoke(DelegatingMethodAccessorImpl.java:43)
at java.base/java.lang.reflect.Method.invoke(Method.java:568)
at org.testng.internal.MethodInvocationHelper.invokeMethod(MethodInvocationHelper.java:133)
at org.testng.internal.MethodInvocationHelper.invokeMethodConsideringTimeout(MethodInvocationHelper.java:62)
at org.testng.internal.ConfigInvoker.invokeConfigurationMethod(ConfigInvoker.java:385)
at org.testng.internal.ConfigInvoker.invokeConfigurations(ConfigInvoker.java:321)
at org.testng.internal.TestInvoker.runConfigMethods(TestInvoker.java:700)
at org.testng.internal.TestInvoker.invokeMethod(TestInvoker.java:527)
at org.testng.internal.TestInvoker.invokeTestMethod(TestInvoker.java:173)
at org.testng.internal.MethodRunner.runInSequence(MethodRunner.java:46)
at org.testng.internal.TestInvoker$MethodInvocationAgent.invoke(TestInvoker.java:824)
at org.testng.internal.TestInvoker.invokeTestMethods(TestInvoker.java:146)
at org.testng.internal.TestMethodWorker.invokeTestMethods(TestMethodWorker.java:146)
at org.testng.internal.TestMethodWorker.run(TestMethodWorker.java:128)
at java.base/java.util.concurrent.ThreadPoolExecutor.runWorker(ThreadPoolExecutor.java:1136)
at java.base/java.util.concurrent.ThreadPoolExecutor$Worker.run(ThreadPoolExecutor.java:635)
at java.base/java.lang.Thread.run(Thread.java:842)
]]>
    </error>
  </testcase> <!-- launchBrowser -->
  <system-out/>
</testsuite> <!-- com.awt.test.Irrigation.Admin.User.CreateUser.AdminAddUserTest -->
