<?xml version="1.0" encoding="UTF-8"?>
<!-- Generated by org.testng.reporters.JUnitReportReporter -->
<testsuite hostname="AnkitYadav" failures="0" tests="1" name="com.awt.test.Irrigation.Admin.User.CreateRole.AdminAddRoleTest" time="118.909" errors="0" timestamp="2025-02-07T14:33:06 IST" skipped="0">
  <testcase classname="com.awt.test.Irrigation.Admin.User.CreateRole.AdminAddRoleTest" name="verifyAdminAddRolePage" time="118.909"/>
  <system-out/>
</testsuite> <!-- com.awt.test.Irrigation.Admin.User.CreateRole.AdminAddRoleTest -->
