<?xml version="1.0" encoding="UTF-8"?>
<!-- Generated by org.testng.reporters.JUnitReportReporter -->
<testsuite hostname="AnkitYadav" failures="0" tests="1" name="com.awt.test.User.AdminConfiguration.Settings.ReportTemplate.AdminReportTemplateTest" time="180.179" errors="0" timestamp="2024-08-22T17:51:07 IST" skipped="0">
  <testcase classname="com.awt.test.User.AdminConfiguration.Settings.ReportTemplate.AdminReportTemplateTest" name="verifyAdminReportTemplate" time="180.179"/>
  <system-out/>
</testsuite> <!-- com.awt.test.User.AdminConfiguration.Settings.ReportTemplate.AdminReportTemplateTest -->
