<?xml version="1.0" encoding="UTF-8"?>
<!-- Generated by org.testng.reporters.JUnitReportReporter -->
<testsuite hostname="AnkitYadav" failures="0" tests="1" name="com.awt.test.Irrigation.Admin.Settings.AddViewEquipments.EquipmentsDetailsTest" time="75.460" errors="0" timestamp="2025-03-13T17:03:40 IST" skipped="0">
  <testcase classname="com.awt.test.Irrigation.Admin.Settings.AddViewEquipments.EquipmentsDetailsTest" name="verfiyEquipmentsDetailsPage" time="75.460"/>
  <system-out/>
</testsuite> <!-- com.awt.test.Irrigation.Admin.Settings.AddViewEquipments.EquipmentsDetailsTest -->
