<?xml version="1.0" encoding="UTF-8"?>
<!-- Generated by org.testng.reporters.JUnitReportReporter -->
<testsuite hostname="AnkitYadav" failures="0" tests="1" name="com.awt.test.Login.LoginPageTest" time="137.534" errors="0" timestamp="2024-08-16T17:35:09 IST" skipped="0">
  <testcase classname="com.awt.test.Login.LoginPageTest" name="verifyLoginPage" time="137.534"/>
  <system-out/>
</testsuite> <!-- com.awt.test.Login.LoginPageTest -->
