<?xml version="1.0" encoding="UTF-8"?>
<!-- Generated by org.testng.reporters.JUnitReportReporter -->
<testsuite hostname="AnkitYadav" failures="0" tests="1" name="com.awt.test.User.AdminConfiguration.Settings.MasterCreation.AdminMasterCreationTest" time="30.627" errors="0" timestamp="2024-08-27T14:17:58 IST" skipped="0">
  <testcase classname="com.awt.test.User.AdminConfiguration.Settings.MasterCreation.AdminMasterCreationTest" name="verifyAdminMasterCreation" time="30.627"/>
  <system-out/>
</testsuite> <!-- com.awt.test.User.AdminConfiguration.Settings.MasterCreation.AdminMasterCreationTest -->
