<?xml version="1.0" encoding="UTF-8"?>
<!-- Generated by org.testng.reporters.JUnitReportReporter -->
<testsuite hostname="AnkitYadav" failures="0" tests="1" name="com.awt.test.User.AdminConfiguration.User.CreateUser.AdminAddUserTest" time="299.318" errors="0" timestamp="2024-08-09T19:20:10 IST" skipped="0">
  <testcase classname="com.awt.test.User.AdminConfiguration.User.CreateUser.AdminAddUserTest" name="verifyAdminAddUserPage" time="299.318"/>
  <system-out/>
</testsuite> <!-- com.awt.test.User.AdminConfiguration.User.CreateUser.AdminAddUserTest -->
