<?xml version="1.0" encoding="UTF-8"?>
<!-- Generated by org.testng.reporters.JUnitReportReporter -->
<testsuite hostname="AnkitYadav" failures="1" tests="1" name="com.awt.test.User.AdminConfiguration.Settings.MasterCreation.AdminMasterCreationTest" time="138.503" errors="0" timestamp="2024-08-29T18:36:02 IST" skipped="0">
  <testcase classname="com.awt.test.User.AdminConfiguration.Settings.MasterCreation.AdminMasterCreationTest" name="verifyAdminMasterCreation" time="138.503">
    <failure message="The following asserts failed:
	did not expect [VqUgJ -&amp;&amp;] but found [VqUgJ -&amp;&amp;],
	did not expect [EuQ8jV9OKXmsx2WJlixs6dis5wymiIUjgML] but found [EuQ8jV9OKXmsx2WJlixs6dis5wymiIUjgML],
	did not expect [ptR374bXJ5NdR9POAgC3hI7yM8h9Bf1MYmkCkbSpOAtXywR2m6I3jmG8r5azzz7y4qnnPx573VHVPoU4O1ukn3elX9zliw56VgURd09Kg] but found [ptR374bXJ5NdR9POAgC3hI7yM8h9Bf1MYmkCkbSpOAtXywR2m6I3jmG8r5azzz7y4qnnPx573VHVPoU4O1ukn3elX9zliw56VgURd09Kg],
	did not expect [gvpooCPjRJdFpzpbcgiOfoRjdJMtGxUdWVt] but found [gvpooCPjRJdFpzpbcgiOfoRjdJMtGxUdWVt],
	did not expect [hjCfF -&amp;&amp;] but found [hjCfF -&amp;&amp;],
	did not expect [9cz4yKKAZqR4gtffl9temsS5yP9CNlymeVb] but found [9cz4yKKAZqR4gtffl9temsS5yP9CNlymeVb],
	did not expect [sOliZJzB9R9q7R5qoiNanKI7kt8yr9tNdUMSRwVjAtS6yUCEVAN3wBo2tClzxC9gwpmaLYEi2nOWUtx9TR95BLaxbLosuSNI2KZ0ACMrR] but found [sOliZJzB9R9q7R5qoiNanKI7kt8yr9tNdUMSRwVjAtS6yUCEVAN3wBo2tClzxC9gwpmaLYEi2nOWUtx9TR95BLaxbLosuSNI2KZ0ACMrR],
	did not expect [hMGOwQgSPpqynShhxRjwBapxipozKnaVrAC] but found [hMGOwQgSPpqynShhxRjwBapxipozKnaVrAC]" type="java.lang.AssertionError">
      <![CDATA[java.lang.AssertionError: The following asserts failed:
did not expect [VqUgJ -&&] but found [VqUgJ -&&],
did not expect [EuQ8jV9OKXmsx2WJlixs6dis5wymiIUjgML] but found [EuQ8jV9OKXmsx2WJlixs6dis5wymiIUjgML],
did not expect [ptR374bXJ5NdR9POAgC3hI7yM8h9Bf1MYmkCkbSpOAtXywR2m6I3jmG8r5azzz7y4qnnPx573VHVPoU4O1ukn3elX9zliw56VgURd09Kg] but found [ptR374bXJ5NdR9POAgC3hI7yM8h9Bf1MYmkCkbSpOAtXywR2m6I3jmG8r5azzz7y4qnnPx573VHVPoU4O1ukn3elX9zliw56VgURd09Kg],
did not expect [gvpooCPjRJdFpzpbcgiOfoRjdJMtGxUdWVt] but found [gvpooCPjRJdFpzpbcgiOfoRjdJMtGxUdWVt],
did not expect [hjCfF -&&] but found [hjCfF -&&],
did not expect [9cz4yKKAZqR4gtffl9temsS5yP9CNlymeVb] but found [9cz4yKKAZqR4gtffl9temsS5yP9CNlymeVb],
did not expect [sOliZJzB9R9q7R5qoiNanKI7kt8yr9tNdUMSRwVjAtS6yUCEVAN3wBo2tClzxC9gwpmaLYEi2nOWUtx9TR95BLaxbLosuSNI2KZ0ACMrR] but found [sOliZJzB9R9q7R5qoiNanKI7kt8yr9tNdUMSRwVjAtS6yUCEVAN3wBo2tClzxC9gwpmaLYEi2nOWUtx9TR95BLaxbLosuSNI2KZ0ACMrR],
did not expect [hMGOwQgSPpqynShhxRjwBapxipozKnaVrAC] but found [hMGOwQgSPpqynShhxRjwBapxipozKnaVrAC]
at org.testng.asserts.SoftAssert.assertAll(SoftAssert.java:47)
at org.testng.asserts.SoftAssert.assertAll(SoftAssert.java:31)
at com.awt.utills.reusablecomponents.SoftAssertTest.assertAll(SoftAssertTest.java:212)
at com.awt.test.User.AdminConfiguration.Settings.MasterCreation.AdminMasterCreationTest.verifyAdminMasterCreation(AdminMasterCreationTest.java:114)
at java.base/jdk.internal.reflect.NativeMethodAccessorImpl.invoke0(Native Method)
at java.base/jdk.internal.reflect.NativeMethodAccessorImpl.invoke(NativeMethodAccessorImpl.java:77)
at java.base/jdk.internal.reflect.DelegatingMethodAccessorImpl.invoke(DelegatingMethodAccessorImpl.java:43)
at java.base/java.lang.reflect.Method.invoke(Method.java:568)
at org.testng.internal.MethodInvocationHelper.invokeMethod(MethodInvocationHelper.java:133)
at org.testng.internal.TestInvoker.invokeMethod(TestInvoker.java:598)
at org.testng.internal.TestInvoker.invokeTestMethod(TestInvoker.java:173)
at org.testng.internal.MethodRunner.runInSequence(MethodRunner.java:46)
at org.testng.internal.TestInvoker$MethodInvocationAgent.invoke(TestInvoker.java:824)
at org.testng.internal.TestInvoker.invokeTestMethods(TestInvoker.java:146)
at org.testng.internal.TestMethodWorker.invokeTestMethods(TestMethodWorker.java:146)
at org.testng.internal.TestMethodWorker.run(TestMethodWorker.java:128)
at java.base/java.util.concurrent.ThreadPoolExecutor.runWorker(ThreadPoolExecutor.java:1136)
at java.base/java.util.concurrent.ThreadPoolExecutor$Worker.run(ThreadPoolExecutor.java:635)
at java.base/java.lang.Thread.run(Thread.java:842)
]]>
    </failure>
  </testcase> <!-- verifyAdminMasterCreation -->
  <system-out/>
</testsuite> <!-- com.awt.test.User.AdminConfiguration.Settings.MasterCreation.AdminMasterCreationTest -->
