<?xml version="1.0" encoding="UTF-8"?>
<!-- Generated by org.testng.reporters.JUnitReportReporter -->
<testsuite hostname="AnkitYadav" failures="0" tests="1" name="com.awt.test.User.AdminConfiguration.Settings.PagePermission.AdminMenuPermissionTest" time="247.099" errors="0" timestamp="2024-09-12T12:48:51 IST" skipped="0">
  <testcase classname="com.awt.test.User.AdminConfiguration.Settings.PagePermission.AdminMenuPermissionTest" name="verifyAdminMenuPermission" time="247.099"/>
  <system-out/>
</testsuite> <!-- com.awt.test.User.AdminConfiguration.Settings.PagePermission.AdminMenuPermissionTest -->
